1	N	48 // 进程1被fork()出来，进程0是内核进程，不是fork出来，是系统内核初始化创建的第一个进程，跳到main函数就开始执行的，负责给系统做一系列的初始化工作，并且创建进程1(init进程)，而进程1，随后会创建其它用户进程。统一使用P_x-->进程_x
1	J	48 // 同一个10ms内，进入就绪队列
0	J	48 // P0通过sys_pause进入就绪队列，让出CPU
1	R	48 // P1开始正式运行，通过schedule被调度到
2	N	49 // P1 fork()出P2
2	J	49 // P2 添加对应ready_list
1	W	49 // P1在init里面调用wait，进入wait状态
2	R	49 // P1在wait之后，调schedule切换到P2 运行
3	N	63 // P2 通过execve() 建立P3，并加入ready_list里面
3	J	64
2	J	64 // P2 让出CPU，
3	R	64 // P3 开始运行
3	W	68 // P3 开始wait？
2	R	68 // P2 拿到cpu 运行，
2	E	73 // P2 执行 _exit(2);
1	J	73 // P1 wait-->就绪
1	R	73 // P1 开始运行
4	N	74 // P1 fork出 P4 shell进程
4	J	74
1	W	74 // P1 调用wait进入wait
4	R	74 // P4 拿到cpu，运行
5	N	106
5	J	106
4	W	107
5	R	107
4	J	109
5	E	109 // P5 退出
4	R	109
4	W	115 
0	R	115
4	J	362
4	R	362
6	N	362
6	J	363
4	W	363
6	R	363
4	J	365
6	E	366
4	R	366
4	W	366
0	R	366
4	J	507
4	R	507
7	N	508
7	J	508
4	W	508
7	R	508
4	J	510
7	E	511
4	R	511
4	W	512
0	R	512
4	J	523
4	R	523
4	W	523
0	R	524
4	J	583
4	R	583
8	N	584
8	J	584
4	W	584
8	R	585
4	J	587
8	E	587
4	R	587
4	W	588
0	R	588
4	J	598
4	R	598
4	W	598
0	R	598
4	J	640
4	R	640
9	N	641
9	J	641
4	W	642
9	R	642
4	J	644
9	E	644
4	R	644
4	W	645
0	R	645
4	J	653
4	R	653
4	W	653
0	R	654
4	J	693
4	R	693
10	N	693
10	J	694
4	W	694
10	R	694
4	J	696
10	E	697
4	R	697
4	W	697
0	R	697
4	J	701
4	R	701
4	W	701
0	R	701
4	J	746
4	R	746
11	N	746
11	J	746
4	W	747
11	R	747
4	J	749
11	E	749
4	R	749
4	W	750
0	R	750
4	J	759
4	R	759
4	W	759
0	R	759
4	J	1470
4	R	1470
4	W	1470
0	R	1470
4	J	1497
4	R	1497
4	W	1497
0	R	1497
4	J	1510
4	R	1510
4	W	1510
0	R	1510
4	J	1530
4	R	1531
4	W	1531
0	R	1531
4	J	1648
4	R	1648
4	W	1648
0	R	1648
4	J	1661
4	R	1661
4	W	1661
0	R	1661
4	J	1670
4	R	1670
4	W	1670
0	R	1670
4	J	1696
4	R	1696
4	W	1696
0	R	1696
4	J	1932
4	R	1932
12	N	1933
12	J	1934
4	W	1934
12	R	1934
