1	N	24
1	J	24
0	J	24
1	R	24
2	N	24
2	J	24
1	W	24
2	R	24
3	N	31
3	J	32
2	E	34
1	J	34
3	R	34
3	W	37
1	R	37
4	N	37
4	J	37
1	W	37
4	R	37
5	N	53
5	J	53
4	W	53
5	R	53
4	J	54
5	E	55
4	R	55
4	W	57
0	R	57
4	J	445
4	R	445
6	N	445
6	J	445
4	W	445
6	R	445
4	J	446
6	E	447
4	R	447
4	W	447
0	R	447
4	J	451
4	R	451
4	W	451
0	R	451
4	J	466
4	R	466
7	N	466
7	J	466
4	W	466
7	R	466
4	J	467
7	E	468
4	R	468
4	W	468
0	R	468
4	J	475
4	R	475
4	W	475
0	R	475
4	J	486
4	R	486
8	N	486
8	J	486
4	W	486
8	R	486
4	J	487
8	E	488
4	R	488
4	W	488
0	R	488
4	J	497
4	R	497
4	W	497
0	R	497
4	J	572
4	R	572
4	W	572
0	R	572
4	J	578
4	R	578
4	W	578
0	R	578
4	J	579
4	R	579
4	W	579
0	R	579
4	J	588
4	R	588
4	W	588
0	R	588
4	J	635
4	R	635
9	N	636
9	J	636
4	W	637
9	R	637
9	E	640
4	J	640
4	R	640
10	N	640
10	J	640
4	W	640
10	R	640
4	J	641
10	E	641
4	R	642
4	W	642
0	R	642
4	J	643
4	R	643
4	W	643
0	R	643
4	J	702
4	R	702
11	N	702
11	J	702
4	W	703
11	R	703
4	J	704
11	E	704
4	R	704
4	W	704
0	R	704
4	J	710
4	R	710
4	W	710
0	R	710
4	J	730
4	R	730
12	N	730
12	J	730
4	W	730
12	R	730
4	J	731
12	E	732
4	R	732
4	W	732
0	R	732
4	J	736
4	R	736
4	W	736
0	R	736
4	J	747
4	R	747
13	N	747
13	J	747
4	W	747
13	R	748
4	J	749
13	E	749
4	R	749
4	W	749
0	R	749
4	J	758
4	R	758
4	W	758
0	R	758
4	J	1117
4	R	1117
4	W	1117
0	R	1117
4	J	1132
4	R	1132
4	W	1132
0	R	1132
4	J	1132
4	R	1132
4	W	1132
0	R	1132
4	J	1150
4	R	1150
4	W	1150
0	R	1150
4	J	1164
4	R	1164
4	W	1164
0	R	1164
4	J	1171
4	R	1171
4	W	1171
0	R	1171
3	J	1537
3	R	1537
3	W	1537
0	R	1537
4	J	1844
4	R	1844
4	W	1844
0	R	1844
4	J	1855
4	R	1855
4	W	1855
4	J	1855
4	W	1855
0	R	1855
4	J	1866
4	R	1866
4	W	1866
0	R	1866
4	J	1910
4	R	1910
4	W	1910
0	R	1910
4	J	1922
4	R	1922
4	W	1922
0	R	1922
4	J	1988
4	R	1988
4	W	1988
0	R	1988
4	J	1999
4	R	1999
4	W	1999
0	R	1999
4	J	2002
4	R	2002
4	W	2002
0	R	2002
4	J	2012
4	R	2012
4	W	2012
0	R	2012
4	J	2021
4	R	2021
4	W	2021
0	R	2021
4	J	2029
4	R	2029
4	W	2029
0	R	2029
4	J	2041
4	R	2041
4	W	2041
0	R	2041
4	J	2049
4	R	2049
4	W	2049
0	R	2049
4	J	2201
4	R	2201
4	W	2201
0	R	2201
4	J	2207
4	R	2207
4	W	2207
0	R	2207
4	J	2239
4	R	2239
4	W	2240
0	R	2240
4	J	2255
4	R	2255
4	W	2255
0	R	2255
4	J	2270
4	R	2270
14	N	2271
14	J	2271
4	W	2271
14	R	2271
14	E	2273
4	J	2273
4	R	2273
15	N	2273
15	J	2274
4	W	2274
15	R	2274
4	J	2275
15	E	2275
4	R	2275
4	W	2275
0	R	2275
4	J	2279
4	R	2279
4	W	2279
0	R	2279
4	J	2793
4	R	2793
4	W	2793
0	R	2793
4	J	2809
4	R	2809
4	W	2809
0	R	2809
4	J	2811
4	R	2811
4	W	2811
0	R	2811
4	J	2818
4	R	2818
4	W	2818
0	R	2818
4	J	2835
4	R	2835
4	W	2835
0	R	2835
4	J	2851
4	R	2851
4	W	2851
0	R	2851
4	J	2853
4	R	2853
4	W	2853
0	R	2853
4	J	2867
4	R	2867
4	W	2867
0	R	2867
4	J	2882
4	R	2882
4	W	2882
0	R	2882
4	J	2889
4	R	2889
4	W	2889
0	R	2889
4	J	3074
4	R	3074
4	W	3074
0	R	3074
4	J	3090
4	R	3090
4	W	3090
0	R	3090
4	J	3102
4	R	3102
4	W	3102
0	R	3102
4	J	3121
4	R	3121
4	W	3121
0	R	3121
4	J	3150
4	R	3150
4	W	3150
0	R	3150
4	J	3162
4	R	3162
4	W	3162
0	R	3162
4	J	3315
4	R	3315
4	W	3315
0	R	3315
4	J	3326
4	R	3326
4	W	3326
0	R	3326
4	J	3335
4	R	3335
4	W	3335
0	R	3335
4	J	3345
4	R	3345
4	W	3345
0	R	3346
4	J	3371
4	R	3371
4	W	3371
0	R	3371
4	J	3376
4	R	3376
4	W	3376
0	R	3376
4	J	3391
4	R	3391
4	W	3391
0	R	3391
4	J	3403
4	R	3403
4	W	3403
0	R	3403
4	J	3419
4	R	3419
4	W	3419
0	R	3419
4	J	3428
4	R	3428
4	W	3428
0	R	3428
4	J	3503
4	R	3503
16	N	3504
16	J	3504
4	W	3504
16	R	3504
16	E	3505
4	J	3505
4	R	3505
17	N	3505
17	J	3505
4	W	3505
17	R	3505
4	J	3506
17	E	3507
4	R	3507
4	W	3507
0	R	3507
4	J	3515
4	R	3515
4	W	3515
0	R	3515
4	J	4058
4	R	4058
18	N	4059
18	J	4059
4	W	4059
18	R	4059
4	J	4060
18	E	4060
4	R	4060
4	W	4061
0	R	4061
4	J	4078
4	R	4078
4	W	4078
0	R	4078
4	J	4103
4	R	4103
19	N	4103
19	J	4103
4	W	4103
19	R	4103
4	J	4104
19	E	4105
4	R	4105
4	W	4105
0	R	4105
4	J	4119
4	R	4119
4	W	4119
0	R	4119
4	J	4677
4	R	4677
4	W	4677
0	R	4677
4	J	4690
4	R	4690
4	W	4690
0	R	4690
4	J	4704
4	R	4704
4	W	4704
0	R	4704
4	J	4714
4	R	4714
4	W	4714
0	R	4714
4	J	4729
4	R	4729
4	W	4729
0	R	4729
4	J	4742
4	R	4742
4	W	4742
0	R	4742
4	J	4755
4	R	4755
4	W	4755
0	R	4755
4	J	4768
4	R	4768
4	W	4769
0	R	4769
4	J	4799
4	R	4799
4	W	4799
0	R	4799
4	J	4810
4	R	4810
4	W	4810
0	R	4810
4	J	4847
4	R	4847
4	W	4847
0	R	4847
4	J	4857
4	R	4857
4	W	4857
0	R	4857
4	J	4883
4	R	4883
4	W	4883
0	R	4883
4	J	4892
4	R	4892
4	W	4892
0	R	4892
4	J	5034
4	R	5034
4	W	5034
0	R	5034
4	J	5051
4	R	5051
4	W	5051
0	R	5051
4	J	5055
4	R	5055
4	W	5055
0	R	5055
4	J	5066
4	R	5066
4	W	5066
0	R	5066
4	J	5082
4	R	5082
4	W	5082
0	R	5082
4	J	5091
4	R	5091
4	W	5091
0	R	5091
4	J	5109
4	R	5109
4	W	5109
0	R	5109
4	J	5119
4	R	5119
4	W	5119
0	R	5119
4	J	5315
4	R	5315
4	W	5315
0	R	5315
4	J	5324
4	R	5324
4	W	5324
0	R	5324
4	J	5395
4	R	5395
4	W	5395
0	R	5395
4	J	5410
4	R	5410
4	W	5410
0	R	5410
4	J	5472
4	R	5472
4	W	5472
0	R	5473
4	J	5486
4	R	5486
4	W	5486
0	R	5486
4	J	5506
4	R	5506
4	W	5506
0	R	5506
4	J	5519
4	R	5519
4	W	5519
0	R	5519
4	J	5519
4	R	5519
4	W	5519
0	R	5519
4	J	5531
4	R	5531
4	W	5531
0	R	5531
4	J	5544
4	R	5544
4	W	5544
0	R	5544
4	J	5553
4	R	5553
4	W	5553
0	R	5553
4	J	5568
4	R	5568
4	W	5568
0	R	5568
4	J	5577
4	R	5577
4	W	5577
0	R	5577
4	J	5601
4	R	5601
4	W	5601
0	R	5601
4	J	5607
4	R	5607
4	W	5607
0	R	5607
4	J	5752
4	R	5752
4	W	5752
0	R	5752
4	J	5759
4	R	5759
4	W	5759
0	R	5759
4	J	5763
4	R	5763
4	W	5763
0	R	5763
4	J	5774
4	R	5774
4	W	5774
0	R	5774
4	J	5794
4	R	5794
20	N	5795
20	J	5795
4	W	5796
20	R	5796
21	N	5798
21	J	5798
20	W	5798
21	R	5798
21	E	5809
20	J	5809
20	R	5809
22	N	5810
22	J	5810
20	W	5810
22	R	5810
22	E	5831
20	J	5831
20	R	5831
23	N	5831
23	J	5832
20	W	5832
23	R	5832
23	E	5839
20	J	5839
20	R	5839
24	N	5840
24	J	5841
20	W	5841
24	R	5841
24	E	5875
20	J	5875
20	R	5875
20	E	5876
4	J	5876
4	R	5876
25	N	5876
25	J	5877
4	W	5877
25	R	5877
4	J	5878
25	E	5878
4	R	5878
4	W	5878
0	R	5879
4	J	5953
4	R	5953
26	N	5953
26	J	5953
4	W	5953
26	R	5953
4	J	5955
26	E	5955
4	R	5955
4	W	5955
0	R	5955
4	J	5967
4	R	5967
4	W	5967
0	R	5967
4	J	5980
4	R	5980
27	N	5980
27	J	5981
4	W	5981
27	R	5981
4	J	5982
27	E	5982
4	R	5982
4	W	5982
0	R	5982
4	J	5990
4	R	5990
4	W	5990
0	R	5991
4	J	6006
4	R	6006
28	N	6006
28	J	6006
4	W	6006
28	R	6006
4	J	6007
28	E	6008
4	R	6008
4	W	6008
0	R	6008
4	J	6015
4	R	6015
4	W	6015
0	R	6015
4	J	6099
4	R	6099
4	W	6099
0	R	6099
4	J	6113
4	R	6113
4	W	6113
0	R	6113
4	J	6131
4	R	6131
4	W	6131
0	R	6131
4	J	6134
4	R	6134
4	W	6134
0	R	6134
4	J	6281
4	R	6281
4	W	6281
0	R	6281
4	J	6300
4	R	6300
4	W	6300
0	R	6300
4	J	6396
4	R	6396
4	W	6396
0	R	6396
4	J	6408
4	R	6408
4	W	6408
0	R	6408
4	J	6486
4	R	6486
4	W	6486
0	R	6486
4	J	6501
4	R	6501
4	W	6501
0	R	6501
4	J	6513
4	R	6513
4	W	6513
0	R	6513
4	J	6524
4	R	6524
4	W	6524
0	R	6524
4	J	6585
4	R	6585
29	N	6586
29	J	6586
4	W	6586
29	R	6586
